[INFO][2019-07-10 11:01|:25][org.springframework.web.context.ContextLoader]Root WebApplicationContext: initialization started
[INFO][2019-07-10 11:01|:26][org.springframework.web.context.support.XmlWebApplicationContext]Refreshing Root WebApplicationContext: startup date [Wed Jul 10 11:01:26 CST 2019]; root of context hierarchy
[INFO][2019-07-10 11:01|:26][org.springframework.beans.factory.xml.XmlBeanDefinitionReader]Loading XML bean definitions from file [D:\java1903\week12\day58\代码\admin-project\target\classes\applicationContext-dao.xml]
[INFO][2019-07-10 11:01|:26][org.springframework.beans.factory.xml.XmlBeanDefinitionReader]Loading XML bean definitions from file [D:\java1903\week12\day58\代码\admin-project\target\classes\applicationContext-service.xml]
[INFO][2019-07-10 11:01|:26][org.springframework.beans.factory.xml.XmlBeanDefinitionReader]Loading XML bean definitions from file [D:\java1903\week12\day58\代码\admin-project\target\classes\applicationContext-tx.xml]
[WARN][2019-07-10 11:01|:27][org.mybatis.spring.mapper.ClassPathMapperScanner]No MyBatis mapper was found in '[com.ssm.mapper]' package. Please check your configuration.
[INFO][2019-07-10 11:01|:27][org.springframework.context.support.PropertySourcesPlaceholderConfigurer]Loading properties file from class path resource [db.properties]
[INFO][2019-07-10 11:01|:27][org.springframework.beans.factory.annotation.AutowiredAnnotationBeanPostProcessor]JSR-330 'javax.inject.Inject' annotation found and supported for autowiring
[INFO][2019-07-10 11:01|:27][com.mchange.v2.log.MLog]MLog clients using slf4j logging.
[INFO][2019-07-10 11:01|:27][com.mchange.v2.c3p0.C3P0Registry]Initializing c3p0-0.9.5.2 [built 08-December-2015 22:06:04 -0800; debug? true; trace: 10]
[WARN][2019-07-10 11:01|:27][org.springframework.web.context.support.XmlWebApplicationContext]Exception encountered during context initialization - cancelling refresh attempt: org.springframework.beans.factory.BeanCreationException: Error creating bean with name 'sqlSessionFactory' defined in file [D:\java1903\week12\day58\代码\admin-project\target\classes\applicationContext-dao.xml]: Initialization of bean failed; nested exception is org.springframework.beans.TypeMismatchException: Failed to convert property value of type [java.lang.String] to required type [org.springframework.core.io.Resource[]] for property 'mapperLocations'; nested exception is java.lang.IllegalArgumentException: Could not resolve resource location pattern [classpath:com/ssm/mapper/*.xml]: class path resource [com/ssm/mapper/] cannot be resolved to URL because it does not exist
[ERROR][2019-07-10 11:01|:27][org.springframework.web.context.ContextLoader]Context initialization failed
org.springframework.beans.factory.BeanCreationException: Error creating bean with name 'sqlSessionFactory' defined in file [D:\java1903\week12\day58\代码\admin-project\target\classes\applicationContext-dao.xml]: Initialization of bean failed; nested exception is org.springframework.beans.TypeMismatchException: Failed to convert property value of type [java.lang.String] to required type [org.springframework.core.io.Resource[]] for property 'mapperLocations'; nested exception is java.lang.IllegalArgumentException: Could not resolve resource location pattern [classpath:com/ssm/mapper/*.xml]: class path resource [com/ssm/mapper/] cannot be resolved to URL because it does not exist
	at org.springframework.beans.factory.support.AbstractAutowireCapableBeanFactory.doCreateBean(AbstractAutowireCapableBeanFactory.java:553)
	at org.springframework.beans.factory.support.AbstractAutowireCapableBeanFactory.createBean(AbstractAutowireCapableBeanFactory.java:482)
	at org.springframework.beans.factory.support.AbstractBeanFactory$1.getObject(AbstractBeanFactory.java:306)
	at org.springframework.beans.factory.support.DefaultSingletonBeanRegistry.getSingleton(DefaultSingletonBeanRegistry.java:230)
	at org.springframework.beans.factory.support.AbstractBeanFactory.doGetBean(AbstractBeanFactory.java:302)
	at org.springframework.beans.factory.support.AbstractBeanFactory.getBean(AbstractBeanFactory.java:197)
	at org.springframework.beans.factory.support.DefaultListableBeanFactory.preInstantiateSingletons(DefaultListableBeanFactory.java:759)
	at org.springframework.context.support.AbstractApplicationContext.finishBeanFactoryInitialization(AbstractApplicationContext.java:839)
	at org.springframework.context.support.AbstractApplicationContext.refresh(AbstractApplicationContext.java:538)
	at org.springframework.web.context.ContextLoader.configureAndRefreshWebApplicationContext(ContextLoader.java:444)
	at org.springframework.web.context.ContextLoader.initWebApplicationContext(ContextLoader.java:326)
	at org.springframework.web.context.ContextLoaderListener.contextInitialized(ContextLoaderListener.java:107)
	at org.apache.catalina.core.StandardContext.listenerStart(StandardContext.java:4797)
	at org.apache.catalina.core.StandardContext.startInternal(StandardContext.java:5291)
	at org.apache.catalina.util.LifecycleBase.start(LifecycleBase.java:150)
	at org.apache.catalina.core.ContainerBase$StartChild.call(ContainerBase.java:1559)
	at org.apache.catalina.core.ContainerBase$StartChild.call(ContainerBase.java:1549)
	at java.util.concurrent.FutureTask.run(FutureTask.java:266)
	at java.util.concurrent.ThreadPoolExecutor.runWorker(ThreadPoolExecutor.java:1142)
	at java.util.concurrent.ThreadPoolExecutor$Worker.run(ThreadPoolExecutor.java:617)
	at java.lang.Thread.run(Thread.java:748)
Caused by: org.springframework.beans.TypeMismatchException: Failed to convert property value of type [java.lang.String] to required type [org.springframework.core.io.Resource[]] for property 'mapperLocations'; nested exception is java.lang.IllegalArgumentException: Could not resolve resource location pattern [classpath:com/ssm/mapper/*.xml]: class path resource [com/ssm/mapper/] cannot be resolved to URL because it does not exist
	at org.springframework.beans.AbstractNestablePropertyAccessor.convertIfNecessary(AbstractNestablePropertyAccessor.java:596)
	at org.springframework.beans.AbstractNestablePropertyAccessor.convertForProperty(AbstractNestablePropertyAccessor.java:603)
	at org.springframework.beans.BeanWrapperImpl.convertForProperty(BeanWrapperImpl.java:203)
	at org.springframework.beans.factory.support.AbstractAutowireCapableBeanFactory.convertForProperty(AbstractAutowireCapableBeanFactory.java:1531)
	at org.springframework.beans.factory.support.AbstractAutowireCapableBeanFactory.applyPropertyValues(AbstractAutowireCapableBeanFactory.java:1490)
	at org.springframework.beans.factory.support.AbstractAutowireCapableBeanFactory.populateBean(AbstractAutowireCapableBeanFactory.java:1230)
	at org.springframework.beans.factory.support.AbstractAutowireCapableBeanFactory.doCreateBean(AbstractAutowireCapableBeanFactory.java:543)
	... 20 more
Caused by: java.lang.IllegalArgumentException: Could not resolve resource location pattern [classpath:com/ssm/mapper/*.xml]: class path resource [com/ssm/mapper/] cannot be resolved to URL because it does not exist
	at org.springframework.core.io.support.ResourceArrayPropertyEditor.setAsText(ResourceArrayPropertyEditor.java:116)
	at org.springframework.beans.TypeConverterDelegate.doConvertTextValue(TypeConverterDelegate.java:465)
	at org.springframework.beans.TypeConverterDelegate.doConvertValue(TypeConverterDelegate.java:438)
	at org.springframework.beans.TypeConverterDelegate.convertIfNecessary(TypeConverterDelegate.java:196)
	at org.springframework.beans.AbstractNestablePropertyAccessor.convertIfNecessary(AbstractNestablePropertyAccessor.java:576)
	... 26 more
[INFO][2019-07-10 14:46|:57][org.springframework.web.context.ContextLoader]Root WebApplicationContext: initialization started
[INFO][2019-07-10 14:46|:57][org.springframework.web.context.support.XmlWebApplicationContext]Refreshing Root WebApplicationContext: startup date [Wed Jul 10 14:46:57 CST 2019]; root of context hierarchy
[INFO][2019-07-10 14:46|:57][org.springframework.beans.factory.xml.XmlBeanDefinitionReader]Loading XML bean definitions from file [D:\java1903\week12\day58\代码\admin-project\target\classes\applicationContext-dao.xml]
[INFO][2019-07-10 14:46|:58][org.springframework.beans.factory.xml.XmlBeanDefinitionReader]Loading XML bean definitions from file [D:\java1903\week12\day58\代码\admin-project\target\classes\applicationContext-service.xml]
[INFO][2019-07-10 14:46|:58][org.springframework.beans.factory.xml.XmlBeanDefinitionReader]Loading XML bean definitions from file [D:\java1903\week12\day58\代码\admin-project\target\classes\applicationContext-tx.xml]
[INFO][2019-07-10 14:46|:58][org.springframework.context.support.PropertySourcesPlaceholderConfigurer]Loading properties file from class path resource [db.properties]
[INFO][2019-07-10 14:46|:58][org.springframework.beans.factory.annotation.AutowiredAnnotationBeanPostProcessor]JSR-330 'javax.inject.Inject' annotation found and supported for autowiring
[INFO][2019-07-10 14:46|:59][com.mchange.v2.log.MLog]MLog clients using slf4j logging.
[INFO][2019-07-10 14:46|:59][com.mchange.v2.c3p0.C3P0Registry]Initializing c3p0-0.9.5.2 [built 08-December-2015 22:06:04 -0800; debug? true; trace: 10]
[INFO][2019-07-10 14:47|:00][org.springframework.web.context.ContextLoader]Root WebApplicationContext: initialization completed in 2999 ms
[INFO][2019-07-10 14:47|:00][org.springframework.web.servlet.DispatcherServlet]FrameworkServlet 'dispatcherServlet': initialization started
[INFO][2019-07-10 14:47|:00][org.springframework.web.context.support.XmlWebApplicationContext]Refreshing WebApplicationContext for namespace 'dispatcherServlet-servlet': startup date [Wed Jul 10 14:47:00 CST 2019]; parent: Root WebApplicationContext
[INFO][2019-07-10 14:47|:00][org.springframework.beans.factory.xml.XmlBeanDefinitionReader]Loading XML bean definitions from class path resource [spring-mvc.xml]
[INFO][2019-07-10 14:47|:00][org.springframework.beans.factory.annotation.AutowiredAnnotationBeanPostProcessor]JSR-330 'javax.inject.Inject' annotation found and supported for autowiring
[INFO][2019-07-10 14:47|:01][org.springframework.web.servlet.mvc.method.annotation.RequestMappingHandlerMapping]Mapped "{[/login],methods=[POST]}" onto public java.lang.Object com.ssm.controller.UserController.login(java.lang.String,java.lang.String)
[INFO][2019-07-10 14:47|:02][org.springframework.web.servlet.mvc.method.annotation.RequestMappingHandlerAdapter]Looking for @ControllerAdvice: WebApplicationContext for namespace 'dispatcherServlet-servlet': startup date [Wed Jul 10 14:47:00 CST 2019]; parent: Root WebApplicationContext
[INFO][2019-07-10 14:47|:02][org.springframework.web.servlet.mvc.method.annotation.RequestMappingHandlerAdapter]Looking for @ControllerAdvice: WebApplicationContext for namespace 'dispatcherServlet-servlet': startup date [Wed Jul 10 14:47:00 CST 2019]; parent: Root WebApplicationContext
[INFO][2019-07-10 14:47|:02][org.springframework.web.servlet.handler.SimpleUrlHandlerMapping]Mapped URL path [/**] onto handler 'org.springframework.web.servlet.resource.DefaultServletHttpRequestHandler#0'
[INFO][2019-07-10 14:47|:02][org.springframework.web.servlet.DispatcherServlet]FrameworkServlet 'dispatcherServlet': initialization completed in 2416 ms
[INFO][2019-07-10 14:47|:50][com.mchange.v2.c3p0.impl.AbstractPoolBackedDataSource]Initializing c3p0 pool... com.mchange.v2.c3p0.ComboPooledDataSource [ acquireIncrement -> 3, acquireRetryAttempts -> 30, acquireRetryDelay -> 1000, autoCommitOnClose -> false, automaticTestTable -> null, breakAfterAcquireFailure -> false, checkoutTimeout -> 0, connectionCustomizerClassName -> null, connectionTesterClassName -> com.mchange.v2.c3p0.impl.DefaultConnectionTester, contextClassLoaderSource -> caller, dataSourceName -> 2t4bhka31onvx0d1ykwxgp|7d23eb93, debugUnreturnedConnectionStackTraces -> false, description -> null, driverClass -> com.mysql.jdbc.Driver, extensions -> {}, factoryClassLocation -> null, forceIgnoreUnresolvedTransactions -> false, forceSynchronousCheckins -> false, forceUseNamedDriverClass -> false, identityToken -> 2t4bhka31onvx0d1ykwxgp|7d23eb93, idleConnectionTestPeriod -> 0, initialPoolSize -> 3, jdbcUrl -> jdbc:mysql://127.0.0.1:3306/threeproject?useUnicode=true&characterEncoding=utf-8&useSSL=false, maxAdministrativeTaskTime -> 0, maxConnectionAge -> 0, maxIdleTime -> 0, maxIdleTimeExcessConnections -> 0, maxPoolSize -> 15, maxStatements -> 0, maxStatementsPerConnection -> 0, minPoolSize -> 3, numHelperThreads -> 3, preferredTestQuery -> null, privilegeSpawnedThreads -> false, properties -> {user=******, password=******}, propertyCycle -> 0, statementCacheNumDeferredCloseThreads -> 0, testConnectionOnCheckin -> false, testConnectionOnCheckout -> false, unreturnedConnectionTimeout -> 0, userOverrides -> {}, usesTraditionalReflectiveProxies -> false ]
[DEBUG][2019-07-10 14:47|:50][com.ssm.mapper.UserMapper.queryUserByNameAndPwd]==>  Preparing: select * from sy_user where user_account=? and password=? 
[DEBUG][2019-07-10 14:47|:50][com.ssm.mapper.UserMapper.queryUserByNameAndPwd]==> Parameters: jack(String), 3f725290c0f04f9450d4ce1427bc8b56(String)
[DEBUG][2019-07-10 14:47|:50][com.ssm.mapper.UserMapper.queryUserByNameAndPwd]<==      Total: 1
[DEBUG][2019-07-10 14:50|:06][com.ssm.mapper.UserMapper.queryUserByNameAndPwd]==>  Preparing: select * from sy_user where user_account=? and password=? 
[DEBUG][2019-07-10 14:50|:06][com.ssm.mapper.UserMapper.queryUserByNameAndPwd]==> Parameters: jack(String), 3f725290c0f04f9450d4ce1427bc8b56(String)
[DEBUG][2019-07-10 14:50|:06][com.ssm.mapper.UserMapper.queryUserByNameAndPwd]<==      Total: 1
[INFO][2019-07-10 14:52|:29][org.springframework.web.context.ContextLoader]Root WebApplicationContext: initialization started
[INFO][2019-07-10 14:52|:29][org.springframework.web.context.support.XmlWebApplicationContext]Refreshing Root WebApplicationContext: startup date [Wed Jul 10 14:52:29 CST 2019]; root of context hierarchy
[INFO][2019-07-10 14:52|:29][org.springframework.beans.factory.xml.XmlBeanDefinitionReader]Loading XML bean definitions from file [D:\java1903\week12\day58\代码\admin-project\target\classes\applicationContext-dao.xml]
[INFO][2019-07-10 14:52|:29][org.springframework.beans.factory.xml.XmlBeanDefinitionReader]Loading XML bean definitions from file [D:\java1903\week12\day58\代码\admin-project\target\classes\applicationContext-service.xml]
[INFO][2019-07-10 14:52|:29][org.springframework.beans.factory.xml.XmlBeanDefinitionReader]Loading XML bean definitions from file [D:\java1903\week12\day58\代码\admin-project\target\classes\applicationContext-tx.xml]
[INFO][2019-07-10 14:52|:30][org.springframework.context.support.PropertySourcesPlaceholderConfigurer]Loading properties file from class path resource [db.properties]
[INFO][2019-07-10 14:52|:30][org.springframework.beans.factory.annotation.AutowiredAnnotationBeanPostProcessor]JSR-330 'javax.inject.Inject' annotation found and supported for autowiring
[INFO][2019-07-10 14:52|:30][com.mchange.v2.log.MLog]MLog clients using slf4j logging.
[INFO][2019-07-10 14:52|:30][com.mchange.v2.c3p0.C3P0Registry]Initializing c3p0-0.9.5.2 [built 08-December-2015 22:06:04 -0800; debug? true; trace: 10]
[INFO][2019-07-10 14:52|:31][org.springframework.web.context.ContextLoader]Root WebApplicationContext: initialization completed in 2779 ms
[INFO][2019-07-10 14:52|:32][org.springframework.web.servlet.DispatcherServlet]FrameworkServlet 'dispatcherServlet': initialization started
[INFO][2019-07-10 14:52|:32][org.springframework.web.context.support.XmlWebApplicationContext]Refreshing WebApplicationContext for namespace 'dispatcherServlet-servlet': startup date [Wed Jul 10 14:52:32 CST 2019]; parent: Root WebApplicationContext
[INFO][2019-07-10 14:52|:32][org.springframework.beans.factory.xml.XmlBeanDefinitionReader]Loading XML bean definitions from class path resource [spring-mvc.xml]
[INFO][2019-07-10 14:52|:32][org.springframework.beans.factory.annotation.AutowiredAnnotationBeanPostProcessor]JSR-330 'javax.inject.Inject' annotation found and supported for autowiring
[INFO][2019-07-10 14:52|:32][org.springframework.web.servlet.mvc.method.annotation.RequestMappingHandlerMapping]Mapped "{[/login],methods=[POST]}" onto public java.lang.Object com.ssm.controller.UserController.login(java.lang.String,java.lang.String)
[INFO][2019-07-10 14:52|:33][org.springframework.web.servlet.mvc.method.annotation.RequestMappingHandlerAdapter]Looking for @ControllerAdvice: WebApplicationContext for namespace 'dispatcherServlet-servlet': startup date [Wed Jul 10 14:52:32 CST 2019]; parent: Root WebApplicationContext
[INFO][2019-07-10 14:52|:33][org.springframework.web.servlet.mvc.method.annotation.RequestMappingHandlerAdapter]Looking for @ControllerAdvice: WebApplicationContext for namespace 'dispatcherServlet-servlet': startup date [Wed Jul 10 14:52:32 CST 2019]; parent: Root WebApplicationContext
[INFO][2019-07-10 14:52|:33][org.springframework.web.servlet.handler.SimpleUrlHandlerMapping]Mapped URL path [/**] onto handler 'org.springframework.web.servlet.resource.DefaultServletHttpRequestHandler#0'
[INFO][2019-07-10 14:52|:34][org.springframework.web.servlet.DispatcherServlet]FrameworkServlet 'dispatcherServlet': initialization completed in 2040 ms
[INFO][2019-07-10 14:52|:43][com.mchange.v2.c3p0.impl.AbstractPoolBackedDataSource]Initializing c3p0 pool... com.mchange.v2.c3p0.ComboPooledDataSource [ acquireIncrement -> 3, acquireRetryAttempts -> 30, acquireRetryDelay -> 1000, autoCommitOnClose -> false, automaticTestTable -> null, breakAfterAcquireFailure -> false, checkoutTimeout -> 0, connectionCustomizerClassName -> null, connectionTesterClassName -> com.mchange.v2.c3p0.impl.DefaultConnectionTester, contextClassLoaderSource -> caller, dataSourceName -> 2t4bhka31oo30tehwaoo9|59c091e3, debugUnreturnedConnectionStackTraces -> false, description -> null, driverClass -> com.mysql.jdbc.Driver, extensions -> {}, factoryClassLocation -> null, forceIgnoreUnresolvedTransactions -> false, forceSynchronousCheckins -> false, forceUseNamedDriverClass -> false, identityToken -> 2t4bhka31oo30tehwaoo9|59c091e3, idleConnectionTestPeriod -> 0, initialPoolSize -> 3, jdbcUrl -> jdbc:mysql://127.0.0.1:3306/threeproject?useUnicode=true&characterEncoding=utf-8&useSSL=false, maxAdministrativeTaskTime -> 0, maxConnectionAge -> 0, maxIdleTime -> 0, maxIdleTimeExcessConnections -> 0, maxPoolSize -> 15, maxStatements -> 0, maxStatementsPerConnection -> 0, minPoolSize -> 3, numHelperThreads -> 3, preferredTestQuery -> null, privilegeSpawnedThreads -> false, properties -> {user=******, password=******}, propertyCycle -> 0, statementCacheNumDeferredCloseThreads -> 0, testConnectionOnCheckin -> false, testConnectionOnCheckout -> false, unreturnedConnectionTimeout -> 0, userOverrides -> {}, usesTraditionalReflectiveProxies -> false ]
[DEBUG][2019-07-10 14:52|:43][com.ssm.mapper.UserMapper.queryUserByNameAndPwd]==>  Preparing: select * from sy_user where user_account=? and password=? 
[DEBUG][2019-07-10 14:52|:43][com.ssm.mapper.UserMapper.queryUserByNameAndPwd]==> Parameters: jack(String), 3f725290c0f04f9450d4ce1427bc8b56(String)
[DEBUG][2019-07-10 14:52|:43][com.ssm.mapper.UserMapper.queryUserByNameAndPwd]<==      Total: 1
[DEBUG][2019-07-10 14:52|:52][com.ssm.mapper.UserMapper.queryUserByNameAndPwd]==>  Preparing: select * from sy_user where user_account=? and password=? 
[DEBUG][2019-07-10 14:52|:52][com.ssm.mapper.UserMapper.queryUserByNameAndPwd]==> Parameters: jack(String), 3f725290c0f04f9450d4ce1427bc8b56(String)
[DEBUG][2019-07-10 14:52|:52][com.ssm.mapper.UserMapper.queryUserByNameAndPwd]<==      Total: 1
[WARN][2019-07-10 14:53|:19][org.springframework.web.servlet.PageNotFound]Request method 'GET' not supported
[INFO][2019-07-10 16:17|:43][org.springframework.web.context.ContextLoader]Root WebApplicationContext: initialization started
[INFO][2019-07-10 16:17|:43][org.springframework.web.context.support.XmlWebApplicationContext]Refreshing Root WebApplicationContext: startup date [Wed Jul 10 16:17:43 CST 2019]; root of context hierarchy
[INFO][2019-07-10 16:17|:43][org.springframework.beans.factory.xml.XmlBeanDefinitionReader]Loading XML bean definitions from file [D:\java1903\week12\day58\代码\admin-project\target\classes\applicationContext-dao.xml]
[INFO][2019-07-10 16:17|:43][org.springframework.beans.factory.xml.XmlBeanDefinitionReader]Loading XML bean definitions from file [D:\java1903\week12\day58\代码\admin-project\target\classes\applicationContext-service.xml]
[INFO][2019-07-10 16:17|:43][org.springframework.beans.factory.xml.XmlBeanDefinitionReader]Loading XML bean definitions from file [D:\java1903\week12\day58\代码\admin-project\target\classes\applicationContext-tx.xml]
[INFO][2019-07-10 16:17|:44][org.springframework.context.support.PropertySourcesPlaceholderConfigurer]Loading properties file from class path resource [db.properties]
[INFO][2019-07-10 16:17|:44][org.springframework.beans.factory.annotation.AutowiredAnnotationBeanPostProcessor]JSR-330 'javax.inject.Inject' annotation found and supported for autowiring
[INFO][2019-07-10 16:17|:44][com.mchange.v2.log.MLog]MLog clients using slf4j logging.
[INFO][2019-07-10 16:17|:44][com.mchange.v2.c3p0.C3P0Registry]Initializing c3p0-0.9.5.2 [built 08-December-2015 22:06:04 -0800; debug? true; trace: 10]
[INFO][2019-07-10 16:17|:45][org.springframework.web.context.ContextLoader]Root WebApplicationContext: initialization completed in 2517 ms
[INFO][2019-07-10 16:17|:45][org.springframework.web.servlet.DispatcherServlet]FrameworkServlet 'dispatcherServlet': initialization started
[INFO][2019-07-10 16:17|:45][org.springframework.web.context.support.XmlWebApplicationContext]Refreshing WebApplicationContext for namespace 'dispatcherServlet-servlet': startup date [Wed Jul 10 16:17:45 CST 2019]; parent: Root WebApplicationContext
[INFO][2019-07-10 16:17|:45][org.springframework.beans.factory.xml.XmlBeanDefinitionReader]Loading XML bean definitions from class path resource [spring-mvc.xml]
[INFO][2019-07-10 16:17|:45][org.springframework.beans.factory.annotation.AutowiredAnnotationBeanPostProcessor]JSR-330 'javax.inject.Inject' annotation found and supported for autowiring
[INFO][2019-07-10 16:17|:46][org.springframework.web.servlet.mvc.method.annotation.RequestMappingHandlerMapping]Mapped "{[/users],methods=[GET]}" onto public java.lang.Object com.ssm.controller.UserController.queryAUsers(java.lang.String)
[INFO][2019-07-10 16:17|:46][org.springframework.web.servlet.mvc.method.annotation.RequestMappingHandlerMapping]Mapped "{[/login],methods=[POST]}" onto public java.lang.Object com.ssm.controller.UserController.login(java.lang.String,java.lang.String)
[INFO][2019-07-10 16:17|:46][org.springframework.web.servlet.mvc.method.annotation.RequestMappingHandlerAdapter]Looking for @ControllerAdvice: WebApplicationContext for namespace 'dispatcherServlet-servlet': startup date [Wed Jul 10 16:17:45 CST 2019]; parent: Root WebApplicationContext
[INFO][2019-07-10 16:17|:47][org.springframework.web.servlet.mvc.method.annotation.RequestMappingHandlerAdapter]Looking for @ControllerAdvice: WebApplicationContext for namespace 'dispatcherServlet-servlet': startup date [Wed Jul 10 16:17:45 CST 2019]; parent: Root WebApplicationContext
[INFO][2019-07-10 16:17|:47][org.springframework.web.servlet.handler.SimpleUrlHandlerMapping]Mapped URL path [/**] onto handler 'org.springframework.web.servlet.resource.DefaultServletHttpRequestHandler#0'
[INFO][2019-07-10 16:17|:47][org.springframework.web.servlet.DispatcherServlet]FrameworkServlet 'dispatcherServlet': initialization completed in 2071 ms
[INFO][2019-07-10 16:20|:08][com.mchange.v2.c3p0.impl.AbstractPoolBackedDataSource]Initializing c3p0 pool... com.mchange.v2.c3p0.ComboPooledDataSource [ acquireIncrement -> 3, acquireRetryAttempts -> 30, acquireRetryDelay -> 1000, autoCommitOnClose -> false, automaticTestTable -> null, breakAfterAcquireFailure -> false, checkoutTimeout -> 0, connectionCustomizerClassName -> null, connectionTesterClassName -> com.mchange.v2.c3p0.impl.DefaultConnectionTester, contextClassLoaderSource -> caller, dataSourceName -> 2t4bhka31or4mm5sjfzxv|15412b6e, debugUnreturnedConnectionStackTraces -> false, description -> null, driverClass -> com.mysql.jdbc.Driver, extensions -> {}, factoryClassLocation -> null, forceIgnoreUnresolvedTransactions -> false, forceSynchronousCheckins -> false, forceUseNamedDriverClass -> false, identityToken -> 2t4bhka31or4mm5sjfzxv|15412b6e, idleConnectionTestPeriod -> 0, initialPoolSize -> 3, jdbcUrl -> jdbc:mysql://127.0.0.1:3306/threeproject?useUnicode=true&characterEncoding=utf-8&useSSL=false, maxAdministrativeTaskTime -> 0, maxConnectionAge -> 0, maxIdleTime -> 0, maxIdleTimeExcessConnections -> 0, maxPoolSize -> 15, maxStatements -> 0, maxStatementsPerConnection -> 0, minPoolSize -> 3, numHelperThreads -> 3, preferredTestQuery -> null, privilegeSpawnedThreads -> false, properties -> {user=******, password=******}, propertyCycle -> 0, statementCacheNumDeferredCloseThreads -> 0, testConnectionOnCheckin -> false, testConnectionOnCheckout -> false, unreturnedConnectionTimeout -> 0, userOverrides -> {}, usesTraditionalReflectiveProxies -> false ]
[DEBUG][2019-07-10 16:20|:09][com.ssm.mapper.UserMapper.selectUsers]==>  Preparing: select * from sy_user 
[DEBUG][2019-07-10 16:20|:09][com.ssm.mapper.UserMapper.selectUsers]==>  Preparing: select * from sy_user 
[DEBUG][2019-07-10 16:20|:09][com.ssm.mapper.UserMapper.selectUsers]==> Parameters: 
[DEBUG][2019-07-10 16:20|:09][com.ssm.mapper.UserMapper.selectUsers]==> Parameters: 
[DEBUG][2019-07-10 16:20|:09][com.ssm.mapper.UserMapper.selectUsers]<==      Total: 4
[DEBUG][2019-07-10 16:20|:09][com.ssm.mapper.UserMapper.selectUsers]<==      Total: 4
[DEBUG][2019-07-10 16:20|:57][com.ssm.mapper.UserMapper.selectUsers]==>  Preparing: select * from sy_user 
[DEBUG][2019-07-10 16:20|:57][com.ssm.mapper.UserMapper.selectUsers]==> Parameters: 
[DEBUG][2019-07-10 16:20|:57][com.ssm.mapper.UserMapper.selectUsers]<==      Total: 4
[DEBUG][2019-07-10 16:21|:17][com.ssm.mapper.UserMapper.selectUsers]==>  Preparing: select * from sy_user 
[DEBUG][2019-07-10 16:21|:17][com.ssm.mapper.UserMapper.selectUsers]==> Parameters: 
[DEBUG][2019-07-10 16:21|:17][com.ssm.mapper.UserMapper.selectUsers]<==      Total: 4
[DEBUG][2019-07-10 16:21|:30][com.ssm.mapper.UserMapper.selectUsers]==>  Preparing: select * from sy_user 
[DEBUG][2019-07-10 16:21|:30][com.ssm.mapper.UserMapper.selectUsers]==> Parameters: 
[DEBUG][2019-07-10 16:21|:30][com.ssm.mapper.UserMapper.selectUsers]<==      Total: 4
[DEBUG][2019-07-10 16:22|:26][com.ssm.mapper.UserMapper.selectUsers]==>  Preparing: select * from sy_user 
[DEBUG][2019-07-10 16:22|:26][com.ssm.mapper.UserMapper.selectUsers]==> Parameters: 
[DEBUG][2019-07-10 16:22|:26][com.ssm.mapper.UserMapper.selectUsers]<==      Total: 4
[DEBUG][2019-07-10 16:22|:40][com.ssm.mapper.UserMapper.selectUsers]==>  Preparing: select * from sy_user 
[DEBUG][2019-07-10 16:22|:40][com.ssm.mapper.UserMapper.selectUsers]==> Parameters: 
[DEBUG][2019-07-10 16:22|:40][com.ssm.mapper.UserMapper.selectUsers]<==      Total: 4
[DEBUG][2019-07-10 16:22|:44][com.ssm.mapper.UserMapper.selectUsers]==>  Preparing: select * from sy_user 
[DEBUG][2019-07-10 16:22|:44][com.ssm.mapper.UserMapper.selectUsers]==> Parameters: 
[DEBUG][2019-07-10 16:22|:44][com.ssm.mapper.UserMapper.selectUsers]<==      Total: 4
[DEBUG][2019-07-10 16:23|:38][com.ssm.mapper.UserMapper.selectUsers]==>  Preparing: select * from sy_user 
[DEBUG][2019-07-10 16:23|:38][com.ssm.mapper.UserMapper.selectUsers]==> Parameters: 
[DEBUG][2019-07-10 16:23|:38][com.ssm.mapper.UserMapper.selectUsers]<==      Total: 4
[DEBUG][2019-07-10 16:23|:42][com.ssm.mapper.UserMapper.selectUsers]==>  Preparing: select * from sy_user 
[DEBUG][2019-07-10 16:23|:42][com.ssm.mapper.UserMapper.selectUsers]==> Parameters: 
[DEBUG][2019-07-10 16:23|:42][com.ssm.mapper.UserMapper.selectUsers]<==      Total: 4
[DEBUG][2019-07-10 16:23|:45][com.ssm.mapper.UserMapper.selectUsers]==>  Preparing: select * from sy_user WHERE uname like concat("%",?,"%") 
[DEBUG][2019-07-10 16:23|:45][com.ssm.mapper.UserMapper.selectUsers]==> Parameters: jack(String)
[INFO][2019-07-10 16:23|:46][org.springframework.beans.factory.xml.XmlBeanDefinitionReader]Loading XML bean definitions from class path resource [org/springframework/jdbc/support/sql-error-codes.xml]
[INFO][2019-07-10 16:23|:46][org.springframework.jdbc.support.SQLErrorCodesFactory]SQLErrorCodes loaded: [DB2, Derby, H2, HSQL, Informix, MS-SQL, MySQL, Oracle, PostgreSQL, Sybase, Hana]
[DEBUG][2019-07-10 16:23|:55][com.ssm.mapper.UserMapper.selectUsers]==>  Preparing: select * from sy_user WHERE uname like concat("%",?,"%") 
[DEBUG][2019-07-10 16:23|:55][com.ssm.mapper.UserMapper.selectUsers]==> Parameters: jack(String)
[INFO][2019-07-10 16:25|:36][org.springframework.web.context.ContextLoader]Root WebApplicationContext: initialization started
[INFO][2019-07-10 16:25|:36][org.springframework.web.context.support.XmlWebApplicationContext]Refreshing Root WebApplicationContext: startup date [Wed Jul 10 16:25:36 CST 2019]; root of context hierarchy
[INFO][2019-07-10 16:25|:36][org.springframework.beans.factory.xml.XmlBeanDefinitionReader]Loading XML bean definitions from file [D:\java1903\week12\day58\代码\admin-project\target\classes\applicationContext-dao.xml]
[INFO][2019-07-10 16:25|:37][org.springframework.beans.factory.xml.XmlBeanDefinitionReader]Loading XML bean definitions from file [D:\java1903\week12\day58\代码\admin-project\target\classes\applicationContext-service.xml]
[INFO][2019-07-10 16:25|:37][org.springframework.beans.factory.xml.XmlBeanDefinitionReader]Loading XML bean definitions from file [D:\java1903\week12\day58\代码\admin-project\target\classes\applicationContext-tx.xml]
[INFO][2019-07-10 16:25|:38][org.springframework.context.support.PropertySourcesPlaceholderConfigurer]Loading properties file from class path resource [db.properties]
[INFO][2019-07-10 16:25|:38][org.springframework.beans.factory.annotation.AutowiredAnnotationBeanPostProcessor]JSR-330 'javax.inject.Inject' annotation found and supported for autowiring
[INFO][2019-07-10 16:25|:39][com.mchange.v2.log.MLog]MLog clients using slf4j logging.
[INFO][2019-07-10 16:25|:39][com.mchange.v2.c3p0.C3P0Registry]Initializing c3p0-0.9.5.2 [built 08-December-2015 22:06:04 -0800; debug? true; trace: 10]
[INFO][2019-07-10 16:25|:40][org.springframework.web.context.ContextLoader]Root WebApplicationContext: initialization completed in 3829 ms
[INFO][2019-07-10 16:25|:40][org.springframework.web.servlet.DispatcherServlet]FrameworkServlet 'dispatcherServlet': initialization started
[INFO][2019-07-10 16:25|:40][org.springframework.web.context.support.XmlWebApplicationContext]Refreshing WebApplicationContext for namespace 'dispatcherServlet-servlet': startup date [Wed Jul 10 16:25:40 CST 2019]; parent: Root WebApplicationContext
[INFO][2019-07-10 16:25|:40][org.springframework.beans.factory.xml.XmlBeanDefinitionReader]Loading XML bean definitions from class path resource [spring-mvc.xml]
[INFO][2019-07-10 16:25|:40][org.springframework.beans.factory.annotation.AutowiredAnnotationBeanPostProcessor]JSR-330 'javax.inject.Inject' annotation found and supported for autowiring
[INFO][2019-07-10 16:25|:41][org.springframework.web.servlet.mvc.method.annotation.RequestMappingHandlerMapping]Mapped "{[/users],methods=[GET]}" onto public java.lang.Object com.ssm.controller.UserController.queryAUsers(java.lang.String)
[INFO][2019-07-10 16:25|:41][org.springframework.web.servlet.mvc.method.annotation.RequestMappingHandlerMapping]Mapped "{[/login],methods=[POST]}" onto public java.lang.Object com.ssm.controller.UserController.login(java.lang.String,java.lang.String)
[INFO][2019-07-10 16:25|:42][org.springframework.web.servlet.mvc.method.annotation.RequestMappingHandlerAdapter]Looking for @ControllerAdvice: WebApplicationContext for namespace 'dispatcherServlet-servlet': startup date [Wed Jul 10 16:25:40 CST 2019]; parent: Root WebApplicationContext
[INFO][2019-07-10 16:25|:42][org.springframework.web.servlet.mvc.method.annotation.RequestMappingHandlerAdapter]Looking for @ControllerAdvice: WebApplicationContext for namespace 'dispatcherServlet-servlet': startup date [Wed Jul 10 16:25:40 CST 2019]; parent: Root WebApplicationContext
[INFO][2019-07-10 16:25|:42][org.springframework.web.servlet.handler.SimpleUrlHandlerMapping]Mapped URL path [/**] onto handler 'org.springframework.web.servlet.resource.DefaultServletHttpRequestHandler#0'
[INFO][2019-07-10 16:25|:43][org.springframework.web.servlet.DispatcherServlet]FrameworkServlet 'dispatcherServlet': initialization completed in 2660 ms
[INFO][2019-07-10 16:25|:43][com.mchange.v2.c3p0.impl.AbstractPoolBackedDataSource]Initializing c3p0 pool... com.mchange.v2.c3p0.ComboPooledDataSource [ acquireIncrement -> 3, acquireRetryAttempts -> 30, acquireRetryDelay -> 1000, autoCommitOnClose -> false, automaticTestTable -> null, breakAfterAcquireFailure -> false, checkoutTimeout -> 0, connectionCustomizerClassName -> null, connectionTesterClassName -> com.mchange.v2.c3p0.impl.DefaultConnectionTester, contextClassLoaderSource -> caller, dataSourceName -> 2t4bhka31oresv8gfc2cy|4d084b43, debugUnreturnedConnectionStackTraces -> false, description -> null, driverClass -> com.mysql.jdbc.Driver, extensions -> {}, factoryClassLocation -> null, forceIgnoreUnresolvedTransactions -> false, forceSynchronousCheckins -> false, forceUseNamedDriverClass -> false, identityToken -> 2t4bhka31oresv8gfc2cy|4d084b43, idleConnectionTestPeriod -> 0, initialPoolSize -> 3, jdbcUrl -> jdbc:mysql://127.0.0.1:3306/threeproject?useUnicode=true&characterEncoding=utf-8&useSSL=false, maxAdministrativeTaskTime -> 0, maxConnectionAge -> 0, maxIdleTime -> 0, maxIdleTimeExcessConnections -> 0, maxPoolSize -> 15, maxStatements -> 0, maxStatementsPerConnection -> 0, minPoolSize -> 3, numHelperThreads -> 3, preferredTestQuery -> null, privilegeSpawnedThreads -> false, properties -> {user=******, password=******}, propertyCycle -> 0, statementCacheNumDeferredCloseThreads -> 0, testConnectionOnCheckin -> false, testConnectionOnCheckout -> false, unreturnedConnectionTimeout -> 0, userOverrides -> {}, usesTraditionalReflectiveProxies -> false ]
[DEBUG][2019-07-10 16:25|:44][com.ssm.mapper.UserMapper.selectUsers]==>  Preparing: select * from sy_user 
[DEBUG][2019-07-10 16:25|:44][com.ssm.mapper.UserMapper.selectUsers]==> Parameters: 
[DEBUG][2019-07-10 16:25|:44][com.ssm.mapper.UserMapper.selectUsers]<==      Total: 4
[DEBUG][2019-07-10 16:25|:51][com.ssm.mapper.UserMapper.selectUsers]==>  Preparing: select * from sy_user WHERE user_account like concat("%",?,"%") 
[DEBUG][2019-07-10 16:25|:51][com.ssm.mapper.UserMapper.selectUsers]==> Parameters: jack(String)
[DEBUG][2019-07-10 16:25|:51][com.ssm.mapper.UserMapper.selectUsers]<==      Total: 1
[DEBUG][2019-07-10 16:25|:57][com.ssm.mapper.UserMapper.selectUsers]==>  Preparing: select * from sy_user WHERE user_account like concat("%",?,"%") 
[DEBUG][2019-07-10 16:25|:57][com.ssm.mapper.UserMapper.selectUsers]==> Parameters: jrose(String)
[DEBUG][2019-07-10 16:25|:57][com.ssm.mapper.UserMapper.selectUsers]<==      Total: 0
[DEBUG][2019-07-10 16:26|:04][com.ssm.mapper.UserMapper.selectUsers]==>  Preparing: select * from sy_user WHERE user_account like concat("%",?,"%") 
[DEBUG][2019-07-10 16:26|:04][com.ssm.mapper.UserMapper.selectUsers]==> Parameters: rose(String)
[DEBUG][2019-07-10 16:26|:04][com.ssm.mapper.UserMapper.selectUsers]<==      Total: 1
[DEBUG][2019-07-10 16:26|:56][com.ssm.mapper.UserMapper.selectUsers]==>  Preparing: select * from sy_user 
[DEBUG][2019-07-10 16:26|:56][com.ssm.mapper.UserMapper.selectUsers]==> Parameters: 
[DEBUG][2019-07-10 16:26|:56][com.ssm.mapper.UserMapper.selectUsers]<==      Total: 4
[DEBUG][2019-07-10 16:27|:14][com.ssm.mapper.UserMapper.selectUsers]==>  Preparing: select * from sy_user 
[DEBUG][2019-07-10 16:27|:14][com.ssm.mapper.UserMapper.selectUsers]==> Parameters: 
[DEBUG][2019-07-10 16:27|:14][com.ssm.mapper.UserMapper.selectUsers]<==      Total: 4
[INFO][2019-07-10 16:34|:59][org.springframework.web.context.ContextLoader]Root WebApplicationContext: initialization started
[INFO][2019-07-10 16:34|:59][org.springframework.web.context.support.XmlWebApplicationContext]Refreshing Root WebApplicationContext: startup date [Wed Jul 10 16:34:59 CST 2019]; root of context hierarchy
[INFO][2019-07-10 16:34|:59][org.springframework.beans.factory.xml.XmlBeanDefinitionReader]Loading XML bean definitions from file [D:\java1903\week12\day58\代码\admin-project\target\classes\applicationContext-dao.xml]
[INFO][2019-07-10 16:34|:59][org.springframework.beans.factory.xml.XmlBeanDefinitionReader]Loading XML bean definitions from file [D:\java1903\week12\day58\代码\admin-project\target\classes\applicationContext-service.xml]
[INFO][2019-07-10 16:34|:59][org.springframework.beans.factory.xml.XmlBeanDefinitionReader]Loading XML bean definitions from file [D:\java1903\week12\day58\代码\admin-project\target\classes\applicationContext-tx.xml]
[INFO][2019-07-10 16:35|:00][org.springframework.context.support.PropertySourcesPlaceholderConfigurer]Loading properties file from class path resource [db.properties]
[INFO][2019-07-10 16:35|:00][org.springframework.beans.factory.annotation.AutowiredAnnotationBeanPostProcessor]JSR-330 'javax.inject.Inject' annotation found and supported for autowiring
[INFO][2019-07-10 16:35|:00][com.mchange.v2.log.MLog]MLog clients using slf4j logging.
[INFO][2019-07-10 16:35|:00][com.mchange.v2.c3p0.C3P0Registry]Initializing c3p0-0.9.5.2 [built 08-December-2015 22:06:04 -0800; debug? true; trace: 10]
[INFO][2019-07-10 16:35|:01][org.springframework.web.context.ContextLoader]Root WebApplicationContext: initialization completed in 1952 ms
[INFO][2019-07-10 16:35|:01][org.springframework.web.servlet.DispatcherServlet]FrameworkServlet 'dispatcherServlet': initialization started
[INFO][2019-07-10 16:35|:01][org.springframework.web.context.support.XmlWebApplicationContext]Refreshing WebApplicationContext for namespace 'dispatcherServlet-servlet': startup date [Wed Jul 10 16:35:01 CST 2019]; parent: Root WebApplicationContext
[INFO][2019-07-10 16:35|:01][org.springframework.beans.factory.xml.XmlBeanDefinitionReader]Loading XML bean definitions from class path resource [spring-mvc.xml]
[INFO][2019-07-10 16:35|:01][org.springframework.beans.factory.annotation.AutowiredAnnotationBeanPostProcessor]JSR-330 'javax.inject.Inject' annotation found and supported for autowiring
[INFO][2019-07-10 16:35|:01][org.springframework.web.servlet.mvc.method.annotation.RequestMappingHandlerMapping]Mapped "{[/login],methods=[POST]}" onto public java.lang.Object com.ssm.controller.UserController.login(java.lang.String,java.lang.String)
[INFO][2019-07-10 16:35|:01][org.springframework.web.servlet.mvc.method.annotation.RequestMappingHandlerMapping]Mapped "{[/users],methods=[GET]}" onto public java.lang.Object com.ssm.controller.UserController.queryAUsers(java.lang.String)
[INFO][2019-07-10 16:35|:02][org.springframework.web.servlet.mvc.method.annotation.RequestMappingHandlerAdapter]Looking for @ControllerAdvice: WebApplicationContext for namespace 'dispatcherServlet-servlet': startup date [Wed Jul 10 16:35:01 CST 2019]; parent: Root WebApplicationContext
[INFO][2019-07-10 16:35|:02][org.springframework.web.servlet.mvc.method.annotation.RequestMappingHandlerAdapter]Looking for @ControllerAdvice: WebApplicationContext for namespace 'dispatcherServlet-servlet': startup date [Wed Jul 10 16:35:01 CST 2019]; parent: Root WebApplicationContext
[INFO][2019-07-10 16:35|:02][org.springframework.web.servlet.handler.SimpleUrlHandlerMapping]Mapped URL path [/**] onto handler 'org.springframework.web.servlet.resource.DefaultServletHttpRequestHandler#0'
[INFO][2019-07-10 16:35|:02][org.springframework.web.servlet.DispatcherServlet]FrameworkServlet 'dispatcherServlet': initialization completed in 1778 ms
[INFO][2019-07-11 08:59|:59][com.mchange.v2.c3p0.impl.AbstractPoolBackedDataSource]Initializing c3p0 pool... com.mchange.v2.c3p0.ComboPooledDataSource [ acquireIncrement -> 3, acquireRetryAttempts -> 30, acquireRetryDelay -> 1000, autoCommitOnClose -> false, automaticTestTable -> null, breakAfterAcquireFailure -> false, checkoutTimeout -> 0, connectionCustomizerClassName -> null, connectionTesterClassName -> com.mchange.v2.c3p0.impl.DefaultConnectionTester, contextClassLoaderSource -> caller, dataSourceName -> 2t4bhka31orqtrw1x9mm2y|3e49c85e, debugUnreturnedConnectionStackTraces -> false, description -> null, driverClass -> com.mysql.jdbc.Driver, extensions -> {}, factoryClassLocation -> null, forceIgnoreUnresolvedTransactions -> false, forceSynchronousCheckins -> false, forceUseNamedDriverClass -> false, identityToken -> 2t4bhka31orqtrw1x9mm2y|3e49c85e, idleConnectionTestPeriod -> 0, initialPoolSize -> 3, jdbcUrl -> jdbc:mysql://127.0.0.1:3306/threeproject?useUnicode=true&characterEncoding=utf-8&useSSL=false, maxAdministrativeTaskTime -> 0, maxConnectionAge -> 0, maxIdleTime -> 0, maxIdleTimeExcessConnections -> 0, maxPoolSize -> 15, maxStatements -> 0, maxStatementsPerConnection -> 0, minPoolSize -> 3, numHelperThreads -> 3, preferredTestQuery -> null, privilegeSpawnedThreads -> false, properties -> {user=******, password=******}, propertyCycle -> 0, statementCacheNumDeferredCloseThreads -> 0, testConnectionOnCheckin -> false, testConnectionOnCheckout -> false, unreturnedConnectionTimeout -> 0, userOverrides -> {}, usesTraditionalReflectiveProxies -> false ]
[DEBUG][2019-07-11 09:00|:00][com.ssm.mapper.UserMapper.queryUserByNameAndPwd]==>  Preparing: select * from sy_user where user_account=? and password=? and status=1 
[DEBUG][2019-07-11 09:00|:00][com.ssm.mapper.UserMapper.queryUserByNameAndPwd]==> Parameters: jack(String), 3f725290c0f04f9450d4ce1427bc8b56(String)
[DEBUG][2019-07-11 09:00|:00][com.ssm.mapper.UserMapper.queryUserByNameAndPwd]<==      Total: 0
[DEBUG][2019-07-11 09:00|:46][com.ssm.mapper.UserMapper.queryUserByNameAndPwd]==>  Preparing: select * from sy_user where user_account=? and password=? and status=1 
[DEBUG][2019-07-11 09:00|:46][com.ssm.mapper.UserMapper.queryUserByNameAndPwd]==> Parameters: jack(String), 3f725290c0f04f9450d4ce1427bc8b56(String)
[DEBUG][2019-07-11 09:00|:46][com.ssm.mapper.UserMapper.queryUserByNameAndPwd]<==      Total: 1
[DEBUG][2019-07-11 09:00|:48][com.ssm.mapper.UserMapper.selectUsers]==>  Preparing: select * from sy_user 
[DEBUG][2019-07-11 09:00|:48][com.ssm.mapper.UserMapper.selectUsers]==> Parameters: 
[DEBUG][2019-07-11 09:00|:48][com.ssm.mapper.UserMapper.selectUsers]<==      Total: 4
[DEBUG][2019-07-11 09:06|:05][com.ssm.mapper.UserMapper.selectUsers]==>  Preparing: select * from sy_user 
[DEBUG][2019-07-11 09:06|:05][com.ssm.mapper.UserMapper.selectUsers]==> Parameters: 
[DEBUG][2019-07-11 09:06|:05][com.ssm.mapper.UserMapper.selectUsers]<==      Total: 4
[DEBUG][2019-07-11 09:09|:04][com.ssm.mapper.UserMapper.selectUsers]==>  Preparing: select * from sy_user 
[DEBUG][2019-07-11 09:09|:04][com.ssm.mapper.UserMapper.selectUsers]==> Parameters: 
[DEBUG][2019-07-11 09:09|:04][com.ssm.mapper.UserMapper.selectUsers]<==      Total: 4
[DEBUG][2019-07-11 09:09|:35][com.ssm.mapper.UserMapper.selectUsers]==>  Preparing: select * from sy_user 
[DEBUG][2019-07-11 09:09|:35][com.ssm.mapper.UserMapper.selectUsers]==> Parameters: 
[DEBUG][2019-07-11 09:09|:35][com.ssm.mapper.UserMapper.selectUsers]<==      Total: 4
[DEBUG][2019-07-11 09:12|:40][com.ssm.mapper.UserMapper.selectUsers]==>  Preparing: select * from sy_user 
[DEBUG][2019-07-11 09:12|:40][com.ssm.mapper.UserMapper.selectUsers]==> Parameters: 
[DEBUG][2019-07-11 09:12|:40][com.ssm.mapper.UserMapper.selectUsers]<==      Total: 4
[DEBUG][2019-07-11 09:12|:55][com.ssm.mapper.UserMapper.selectUsers]==>  Preparing: select * from sy_user 
[DEBUG][2019-07-11 09:12|:55][com.ssm.mapper.UserMapper.selectUsers]==> Parameters: 
[DEBUG][2019-07-11 09:12|:55][com.ssm.mapper.UserMapper.selectUsers]<==      Total: 4
[DEBUG][2019-07-11 09:13|:59][com.ssm.mapper.UserMapper.selectUsers]==>  Preparing: select * from sy_user 
[DEBUG][2019-07-11 09:13|:59][com.ssm.mapper.UserMapper.selectUsers]==> Parameters: 
[DEBUG][2019-07-11 09:13|:59][com.ssm.mapper.UserMapper.selectUsers]<==      Total: 4
[DEBUG][2019-07-11 09:16|:13][com.ssm.mapper.UserMapper.selectUsers]==>  Preparing: select * from sy_user 
[DEBUG][2019-07-11 09:16|:13][com.ssm.mapper.UserMapper.selectUsers]==> Parameters: 
[DEBUG][2019-07-11 09:16|:13][com.ssm.mapper.UserMapper.selectUsers]<==      Total: 4
[DEBUG][2019-07-11 09:26|:08][com.ssm.mapper.UserMapper.selectUsers]==>  Preparing: select * from sy_user 
[DEBUG][2019-07-11 09:26|:08][com.ssm.mapper.UserMapper.selectUsers]==> Parameters: 
[DEBUG][2019-07-11 09:26|:08][com.ssm.mapper.UserMapper.selectUsers]<==      Total: 4
[DEBUG][2019-07-11 09:30|:07][com.ssm.mapper.UserMapper.selectUsers]==>  Preparing: select * from sy_user 
[DEBUG][2019-07-11 09:30|:07][com.ssm.mapper.UserMapper.selectUsers]==> Parameters: 
[DEBUG][2019-07-11 09:30|:07][com.ssm.mapper.UserMapper.selectUsers]<==      Total: 4
[DEBUG][2019-07-11 09:30|:12][com.ssm.mapper.UserMapper.selectUsers]==>  Preparing: select * from sy_user WHERE user_account like concat("%",?,"%") 
[DEBUG][2019-07-11 09:30|:12][com.ssm.mapper.UserMapper.selectUsers]==> Parameters: jack(String)
[DEBUG][2019-07-11 09:30|:12][com.ssm.mapper.UserMapper.selectUsers]<==      Total: 1
[INFO][2019-07-11 10:18|:56][org.springframework.web.context.ContextLoader]Root WebApplicationContext: initialization started
[INFO][2019-07-11 10:18|:56][org.springframework.web.context.support.XmlWebApplicationContext]Refreshing Root WebApplicationContext: startup date [Thu Jul 11 10:18:56 CST 2019]; root of context hierarchy
[INFO][2019-07-11 10:18|:56][org.springframework.beans.factory.xml.XmlBeanDefinitionReader]Loading XML bean definitions from file [D:\java1903\week12\day58\代码\admin-project\target\classes\applicationContext-dao.xml]
[INFO][2019-07-11 10:18|:56][org.springframework.beans.factory.xml.XmlBeanDefinitionReader]Loading XML bean definitions from file [D:\java1903\week12\day58\代码\admin-project\target\classes\applicationContext-service.xml]
[INFO][2019-07-11 10:18|:57][org.springframework.beans.factory.xml.XmlBeanDefinitionReader]Loading XML bean definitions from file [D:\java1903\week12\day58\代码\admin-project\target\classes\applicationContext-tx.xml]
[INFO][2019-07-11 10:18|:58][org.springframework.context.support.PropertySourcesPlaceholderConfigurer]Loading properties file from class path resource [db.properties]
[INFO][2019-07-11 10:18|:58][org.springframework.beans.factory.annotation.AutowiredAnnotationBeanPostProcessor]JSR-330 'javax.inject.Inject' annotation found and supported for autowiring
[INFO][2019-07-11 10:18|:58][com.mchange.v2.log.MLog]MLog clients using slf4j logging.
[INFO][2019-07-11 10:18|:58][com.mchange.v2.c3p0.C3P0Registry]Initializing c3p0-0.9.5.2 [built 08-December-2015 22:06:04 -0800; debug? true; trace: 10]
[INFO][2019-07-11 10:18|:59][org.springframework.web.context.ContextLoader]Root WebApplicationContext: initialization completed in 3537 ms
[INFO][2019-07-11 10:18|:59][org.springframework.web.servlet.DispatcherServlet]FrameworkServlet 'dispatcherServlet': initialization started
[INFO][2019-07-11 10:18|:59][org.springframework.web.context.support.XmlWebApplicationContext]Refreshing WebApplicationContext for namespace 'dispatcherServlet-servlet': startup date [Thu Jul 11 10:18:59 CST 2019]; parent: Root WebApplicationContext
[INFO][2019-07-11 10:18|:59][org.springframework.beans.factory.xml.XmlBeanDefinitionReader]Loading XML bean definitions from class path resource [spring-mvc.xml]
[INFO][2019-07-11 10:19|:00][org.springframework.beans.factory.annotation.AutowiredAnnotationBeanPostProcessor]JSR-330 'javax.inject.Inject' annotation found and supported for autowiring
[INFO][2019-07-11 10:19|:00][org.springframework.web.servlet.mvc.method.annotation.RequestMappingHandlerMapping]Mapped "{[/user/add],methods=[POST]}" onto public java.lang.Object com.ssm.controller.UserController.userAdd(com.ssm.pojo.User)
[INFO][2019-07-11 10:19|:00][org.springframework.web.servlet.mvc.method.annotation.RequestMappingHandlerMapping]Mapped "{[/users],methods=[GET]}" onto public java.lang.Object com.ssm.controller.UserController.queryAUsers(java.lang.String)
[INFO][2019-07-11 10:19|:00][org.springframework.web.servlet.mvc.method.annotation.RequestMappingHandlerMapping]Mapped "{[/login],methods=[POST]}" onto public java.lang.Object com.ssm.controller.UserController.login(java.lang.String,java.lang.String)
[INFO][2019-07-11 10:19|:01][org.springframework.web.servlet.mvc.method.annotation.RequestMappingHandlerAdapter]Looking for @ControllerAdvice: WebApplicationContext for namespace 'dispatcherServlet-servlet': startup date [Thu Jul 11 10:18:59 CST 2019]; parent: Root WebApplicationContext
[INFO][2019-07-11 10:19|:01][org.springframework.web.servlet.mvc.method.annotation.RequestMappingHandlerAdapter]Looking for @ControllerAdvice: WebApplicationContext for namespace 'dispatcherServlet-servlet': startup date [Thu Jul 11 10:18:59 CST 2019]; parent: Root WebApplicationContext
[INFO][2019-07-11 10:19|:01][org.springframework.web.servlet.handler.SimpleUrlHandlerMapping]Mapped URL path [/**] onto handler 'org.springframework.web.servlet.resource.DefaultServletHttpRequestHandler#0'
[INFO][2019-07-11 10:19|:02][org.springframework.web.servlet.DispatcherServlet]FrameworkServlet 'dispatcherServlet': initialization completed in 2308 ms
[INFO][2019-07-11 10:19|:22][org.springframework.web.context.ContextLoader]Root WebApplicationContext: initialization started
[INFO][2019-07-11 10:19|:22][org.springframework.web.context.support.XmlWebApplicationContext]Refreshing Root WebApplicationContext: startup date [Thu Jul 11 10:19:22 CST 2019]; root of context hierarchy
[INFO][2019-07-11 10:19|:22][org.springframework.beans.factory.xml.XmlBeanDefinitionReader]Loading XML bean definitions from file [D:\java1903\week12\day58\代码\admin-project\target\classes\applicationContext-dao.xml]
[INFO][2019-07-11 10:19|:22][org.springframework.beans.factory.xml.XmlBeanDefinitionReader]Loading XML bean definitions from file [D:\java1903\week12\day58\代码\admin-project\target\classes\applicationContext-service.xml]
[INFO][2019-07-11 10:19|:23][org.springframework.beans.factory.xml.XmlBeanDefinitionReader]Loading XML bean definitions from file [D:\java1903\week12\day58\代码\admin-project\target\classes\applicationContext-tx.xml]
[INFO][2019-07-11 10:19|:23][org.springframework.context.support.PropertySourcesPlaceholderConfigurer]Loading properties file from class path resource [db.properties]
[INFO][2019-07-11 10:19|:23][org.springframework.beans.factory.annotation.AutowiredAnnotationBeanPostProcessor]JSR-330 'javax.inject.Inject' annotation found and supported for autowiring
[INFO][2019-07-11 10:19|:24][com.mchange.v2.log.MLog]MLog clients using slf4j logging.
[INFO][2019-07-11 10:19|:24][com.mchange.v2.c3p0.C3P0Registry]Initializing c3p0-0.9.5.2 [built 08-December-2015 22:06:04 -0800; debug? true; trace: 10]
[INFO][2019-07-11 10:19|:25][org.springframework.web.context.ContextLoader]Root WebApplicationContext: initialization completed in 2862 ms
[INFO][2019-07-11 10:19|:25][org.springframework.web.servlet.DispatcherServlet]FrameworkServlet 'dispatcherServlet': initialization started
[INFO][2019-07-11 10:19|:25][org.springframework.web.context.support.XmlWebApplicationContext]Refreshing WebApplicationContext for namespace 'dispatcherServlet-servlet': startup date [Thu Jul 11 10:19:25 CST 2019]; parent: Root WebApplicationContext
[INFO][2019-07-11 10:19|:25][org.springframework.beans.factory.xml.XmlBeanDefinitionReader]Loading XML bean definitions from class path resource [spring-mvc.xml]
[INFO][2019-07-11 10:19|:25][org.springframework.beans.factory.annotation.AutowiredAnnotationBeanPostProcessor]JSR-330 'javax.inject.Inject' annotation found and supported for autowiring
[INFO][2019-07-11 10:19|:25][org.springframework.web.servlet.mvc.method.annotation.RequestMappingHandlerMapping]Mapped "{[/user/add],methods=[POST]}" onto public java.lang.Object com.ssm.controller.UserController.userAdd(com.ssm.pojo.User)
[INFO][2019-07-11 10:19|:25][org.springframework.web.servlet.mvc.method.annotation.RequestMappingHandlerMapping]Mapped "{[/users],methods=[GET]}" onto public java.lang.Object com.ssm.controller.UserController.queryAUsers(java.lang.String)
[INFO][2019-07-11 10:19|:25][org.springframework.web.servlet.mvc.method.annotation.RequestMappingHandlerMapping]Mapped "{[/login],methods=[POST]}" onto public java.lang.Object com.ssm.controller.UserController.login(java.lang.String,java.lang.String)
[INFO][2019-07-11 10:19|:26][org.springframework.web.servlet.mvc.method.annotation.RequestMappingHandlerAdapter]Looking for @ControllerAdvice: WebApplicationContext for namespace 'dispatcherServlet-servlet': startup date [Thu Jul 11 10:19:25 CST 2019]; parent: Root WebApplicationContext
[INFO][2019-07-11 10:19|:26][org.springframework.web.servlet.mvc.method.annotation.RequestMappingHandlerAdapter]Looking for @ControllerAdvice: WebApplicationContext for namespace 'dispatcherServlet-servlet': startup date [Thu Jul 11 10:19:25 CST 2019]; parent: Root WebApplicationContext
[INFO][2019-07-11 10:19|:26][org.springframework.web.servlet.handler.SimpleUrlHandlerMapping]Mapped URL path [/**] onto handler 'org.springframework.web.servlet.resource.DefaultServletHttpRequestHandler#0'
[INFO][2019-07-11 10:19|:26][org.springframework.web.servlet.DispatcherServlet]FrameworkServlet 'dispatcherServlet': initialization completed in 1551 ms
[INFO][2019-07-11 10:21|:41][com.mchange.v2.c3p0.impl.AbstractPoolBackedDataSource]Initializing c3p0 pool... com.mchange.v2.c3p0.ComboPooledDataSource [ acquireIncrement -> 3, acquireRetryAttempts -> 30, acquireRetryDelay -> 1000, autoCommitOnClose -> false, automaticTestTable -> null, breakAfterAcquireFailure -> false, checkoutTimeout -> 0, connectionCustomizerClassName -> null, connectionTesterClassName -> com.mchange.v2.c3p0.impl.DefaultConnectionTester, contextClassLoaderSource -> caller, dataSourceName -> 2t4bhka31ptrnky1td13qs|596975fe, debugUnreturnedConnectionStackTraces -> false, description -> null, driverClass -> com.mysql.jdbc.Driver, extensions -> {}, factoryClassLocation -> null, forceIgnoreUnresolvedTransactions -> false, forceSynchronousCheckins -> false, forceUseNamedDriverClass -> false, identityToken -> 2t4bhka31ptrnky1td13qs|596975fe, idleConnectionTestPeriod -> 0, initialPoolSize -> 3, jdbcUrl -> jdbc:mysql://127.0.0.1:3306/threeproject?useUnicode=true&characterEncoding=utf-8&useSSL=false, maxAdministrativeTaskTime -> 0, maxConnectionAge -> 0, maxIdleTime -> 0, maxIdleTimeExcessConnections -> 0, maxPoolSize -> 15, maxStatements -> 0, maxStatementsPerConnection -> 0, minPoolSize -> 3, numHelperThreads -> 3, preferredTestQuery -> null, privilegeSpawnedThreads -> false, properties -> {user=******, password=******}, propertyCycle -> 0, statementCacheNumDeferredCloseThreads -> 0, testConnectionOnCheckin -> false, testConnectionOnCheckout -> false, unreturnedConnectionTimeout -> 0, userOverrides -> {}, usesTraditionalReflectiveProxies -> false ]
[DEBUG][2019-07-11 10:21|:41][com.ssm.mapper.UserMapper.addUser]==>  Preparing: insert into sy_user(user_account,password,sex,headimageurl,email,mobile_number,create_time) values(?,?,?,?,?,?,?) 
[DEBUG][2019-07-11 10:21|:41][com.ssm.mapper.UserMapper.addUser]==> Parameters: adasd(String), abc740e474e707bba5b118a2f644be03(String), 女(String), null, 123213(String), 123213(String), 2019-07-11 10:21:40.974(Timestamp)
[DEBUG][2019-07-11 10:21|:41][com.ssm.mapper.UserMapper.addUser]<==    Updates: 1
[DEBUG][2019-07-11 10:22|:28][com.ssm.mapper.UserMapper.addUser]==>  Preparing: insert into sy_user(user_account,password,sex,headimageurl,email,mobile_number,create_time) values(?,?,?,?,?,?,?) 
[DEBUG][2019-07-11 10:22|:28][com.ssm.mapper.UserMapper.addUser]==> Parameters: jack123(String), abc740e474e707bba5b118a2f644be03(String), 女(String), null, 123213(String), 123213(String), 2019-07-11 10:22:28.281(Timestamp)
[DEBUG][2019-07-11 10:22|:28][com.ssm.mapper.UserMapper.addUser]<==    Updates: 1
[DEBUG][2019-07-11 10:25|:22][com.ssm.mapper.UserMapper.addUser]==>  Preparing: insert into sy_user(user_account,password,sex,headimageurl,email,mobile_number,create_time) values(?,?,?,?,?,?,?) 
[DEBUG][2019-07-11 10:25|:22][com.ssm.mapper.UserMapper.addUser]==> Parameters: rose123(String), 164e81d0ed4e34528190881774bc24b8(String), 男(String), null, 132213(String), 12313213(String), 2019-07-11 10:25:22.498(Timestamp)
[DEBUG][2019-07-11 10:25|:22][com.ssm.mapper.UserMapper.addUser]<==    Updates: 1
[DEBUG][2019-07-11 10:27|:14][com.ssm.mapper.UserMapper.addUser]==>  Preparing: insert into sy_user(user_account,password,sex,headimageurl,email,mobile_number,create_time) values(?,?,?,?,?,?,?) 
[DEBUG][2019-07-11 10:27|:14][com.ssm.mapper.UserMapper.addUser]==> Parameters: rose123(String), 164e81d0ed4e34528190881774bc24b8(String), 男(String), null, 132213(String), 12313213(String), 2019-07-11 10:27:14.431(Timestamp)
[INFO][2019-07-11 10:27|:14][org.springframework.beans.factory.xml.XmlBeanDefinitionReader]Loading XML bean definitions from class path resource [org/springframework/jdbc/support/sql-error-codes.xml]
[INFO][2019-07-11 10:27|:14][org.springframework.jdbc.support.SQLErrorCodesFactory]SQLErrorCodes loaded: [DB2, Derby, H2, HSQL, Informix, MS-SQL, MySQL, Oracle, PostgreSQL, Sybase, Hana]
[DEBUG][2019-07-11 10:27|:30][com.ssm.mapper.UserMapper.addUser]==>  Preparing: insert into sy_user(user_account,password,sex,headimageurl,email,mobile_number,create_time) values(?,?,?,?,?,?,?) 
[DEBUG][2019-07-11 10:27|:30][com.ssm.mapper.UserMapper.addUser]==> Parameters: rose1231(String), 164e81d0ed4e34528190881774bc24b8(String), 男(String), null, 132213(String), 12313213(String), 2019-07-11 10:27:30.993(Timestamp)
[DEBUG][2019-07-11 10:27|:31][com.ssm.mapper.UserMapper.addUser]<==    Updates: 1
[DEBUG][2019-07-11 10:28|:38][com.ssm.mapper.UserMapper.addUser]==>  Preparing: insert into sy_user(user_account,password,sex,headimageurl,email,mobile_number,create_time) values(?,?,?,?,?,?,?) 
[DEBUG][2019-07-11 10:28|:38][com.ssm.mapper.UserMapper.addUser]==> Parameters: hgfdsa4321(String), b1233b4dd63846fae9be11c1646d99ba(String), 男(String), null, 2321321(String), 11111111111111123(String), 2019-07-11 10:28:38.218(Timestamp)
[DEBUG][2019-07-11 10:28|:38][com.ssm.mapper.UserMapper.addUser]<==    Updates: 1
[DEBUG][2019-07-11 10:28|:39][com.ssm.mapper.UserMapper.selectUsers]==>  Preparing: select * from sy_user 
[DEBUG][2019-07-11 10:28|:39][com.ssm.mapper.UserMapper.selectUsers]==> Parameters: 
[DEBUG][2019-07-11 10:28|:39][com.ssm.mapper.UserMapper.selectUsers]<==      Total: 9
